<?xml version="1.0" encoding="UTF-8"?>
<Site BuildName="Linux-g++"
	BuildStamp="20251107-0314-Experimental"
	Name="ERIC-PC"
	Generator="ctest-3.28.3"
	CompilerName="/usr/bin/g++"
	CompilerVersion="13.3.0"
	OSName="Linux"
	Hostname="ERIC-PC"
	OSRelease="6.14.0-34-generic"
	OSVersion="#34~24.04.1-Ubuntu SMP PREEMPT_DYNAMIC Tue Sep 23 15:35:20 UTC 2"
	OSPlatform="x86_64"
	Is64Bits="1"
	VendorString="AuthenticAMD"
	VendorID="Advanced Micro Devices"
	FamilyID="25"
	ModelID="33"
	ProcessorCacheSize="512"
	NumberOfLogicalCPU="12"
	NumberOfPhysicalCPU="6"
	TotalVirtualMemory="8191"
	TotalPhysicalMemory="32018"
	LogicalProcessorsPerPhysical="2"
	ProcessorClockFrequency="3707.86"
	>
	<Testing>
		<StartDateTime>Nov 07 14:45 CST</StartDateTime>
		<StartTestTime>1762548332</StartTestTime>
		<TestList/>
		<EndDateTime>Nov 07 14:45 CST</EndDateTime>
		<EndTestTime>1762548332</EndTestTime>
		<ElapsedMinutes>0</ElapsedMinutes>
	</Testing>
</Site>
